<?xml version="1.0" encoding="UTF-8"?>
<testsuite name="vk.edu.tests.MusicTest" tests="1" skipped="0" failures="0" errors="0" timestamp="2024-03-28T14:53:03" hostname="pop-os" time="11.451">
  <properties/>
  <testcase name="checkMusic()" classname="vk.edu.tests.MusicTest" time="11.451"/>
  <system-out><![CDATA[]]></system-out>
  <system-err><![CDATA[[Test worker] INFO com.codeborne.selenide.impl.WebDriverThreadLocalContainer - No webdriver is bound to current thread: 1 - let's create a new webdriver
[Test worker] INFO com.codeborne.selenide.impl.FileHelper - Creating folder: /home/bulgakovwww/Vk-Autotest-Java/Task_1/build/downloads/1711637583199_19109_1
мар. 28, 2024 5:53:05 PM org.openqa.selenium.devtools.CdpVersionFinder findNearestMatch
WARNING: Unable to find an exact match for CDP version 123, returning the closest version; found: 122; Please update to a Selenium version that supports CDP version 123
[Test worker] INFO com.codeborne.selenide.webdriver.WebDriverFactory - BrowserName=chrome Version=123.0.6312.86 Platform=linux
[Test worker] INFO com.codeborne.selenide.webdriver.WebDriverFactory - Selenide v. 7.2.2
[Test worker] INFO com.codeborne.selenide.webdriver.WebDriverFactory - Selenium WebDriver v. 4.18.1 build revision: b1d3319b48
[Test worker] INFO com.codeborne.selenide.drivercommands.CreateDriverCommand - Created webdriver in thread 1: ChromeDriver -> ChromeDriver: chrome on linux (193f72d1e27abbb8210503c9ffd7abe0), downloadsFolder: /home/bulgakovwww/Vk-Autotest-Java/Task_1/build/downloads/1711637583199_19109_1
[Test worker] INFO com.codeborne.selenide.drivercommands.DisposablesRegistry - Register WebDriverInstance[config=StaticConfig, webDriver=ChromeDriver: chrome on linux (193f72d1e27abbb8210503c9ffd7abe0), proxy=null, downloadsFolder=/home/bulgakovwww/Vk-Autotest-Java/Task_1/build/downloads/1711637583199_19109_1] in 1 [size=1]
[Test worker] INFO com.codeborne.selenide.drivercommands.DisposablesRegistry - Add shutdown hook in 1 [size=1]
[Test worker] INFO com.codeborne.selenide.impl.FileHelper - Deleted empty folder: /home/bulgakovwww/Vk-Autotest-Java/Task_1/build/downloads/1711637583199_19109_1
[Test worker] INFO com.codeborne.selenide.drivercommands.CloseDriverCommand - Close webdriver: 1 -> ChromeDriver: chrome on linux (193f72d1e27abbb8210503c9ffd7abe0)...
[Test worker] INFO com.codeborne.selenide.drivercommands.CloseDriverCommand - Closed webdriver 1 in 89 ms
[Test worker] INFO com.codeborne.selenide.drivercommands.DisposablesRegistry - Unregister WebDriverInstance[config=StaticConfig, webDriver=ChromeDriver: chrome on linux (null), proxy=null, downloadsFolder=/home/bulgakovwww/Vk-Autotest-Java/Task_1/build/downloads/1711637583199_19109_1] in 1 [size=0]
]]></system-err>
</testsuite>
